<?xml version="1.0" encoding="UTF-8"?>
<testng-results skipped="0" failed="0" ignored="0" total="1" passed="1">
  <reporter-output>
  </reporter-output>
  <suite name="Default suite" duration-ms="1699" started-at="2018-05-01T11:08:30Z" finished-at="2018-05-01T11:08:32Z">
    <groups>
    </groups>
    <test name="Default test" duration-ms="1699" started-at="2018-05-01T11:08:30Z" finished-at="2018-05-01T11:08:32Z">
      <class name="APIPKG.testAPI2">
        <test-method status="PASS" signature="RegistrationSuccessful()[pri:0, instance:APIPKG.testAPI2@8bd1b6a]" name="RegistrationSuccessful" duration-ms="1661" started-at="2018-05-01T16:38:31Z" finished-at="2018-05-01T16:38:32Z">
          <reporter-output>
          </reporter-output>
        </test-method> <!-- RegistrationSuccessful -->
      </class> <!-- APIPKG.testAPI2 -->
    </test> <!-- Default test -->
  </suite> <!-- Default suite -->
</testng-results>
